#
# A fatal error has been detected by the Java Runtime Environment:
#
#  EXCEPTION_ACCESS_VIOLATION (0xc0000005) at pc=0x000000006ab34e9e, pid=7124, tid=6192
#
# JRE version: Java(TM) SE Runtime Environment (7.0_79-b15) (build 1.7.0_79-b15)
# Java VM: Java HotSpot(TM) 64-Bit Server VM (24.79-b02 mixed mode windows-amd64 compressed oops)
# Problematic frame:
# V  [jvm.dll+0x104e9e]
#
# Failed to write core dump. Minidumps are not enabled by default on client versions of Windows
#
# If you would like to submit a bug report, please visit:
#   http://bugreport.java.com/bugreport/crash.jsp
#

---------------  T H R E A D  ---------------

Current thread (0x00000000109a6000):  JavaThread "pool-1-thread-1" [_thread_in_vm, id=6192, stack(0x0000000010ae0000,0x0000000010be0000)]

siginfo: ExceptionCode=0xc0000005, reading address 0x000000000000000c

Registers:
RAX=0x000000000000000c, RBX=0x00000006fae00280, RCX=0x000000000000000c, RDX=0x0000000000000010
RSP=0x0000000010bdcdc0, RBP=0x00000000109a6000, RSI=0x0000000000000001, RDI=0x0000000000000001
R8 =0x00000000109a3760, R9 =0x0000000000000000, R10=0x00000006fb0e55d8, R11=0x0000000000000000
R12=0x0000000010bdd810, R13=0x0000000000000018, R14=0x0000000001d9c3b0, R15=0x000000000eddd790
RIP=0x000000006ab34e9e, EFLAGS=0x0000000000010246

Top of Stack: (sp=0x0000000010bdcdc0)
0x0000000010bdcdc0:   00000000000003d8 00000000109a5e38
0x0000000010bdcdd0:   00000000109a5a60 0000000000000000
0x0000000010bdcde0:   00000000109a6000 000000006aad3335
0x0000000010bdcdf0:   00000000109a6000 0000000000000001
0x0000000010bdce00:   0000000000000000 00000000109a3ac8
0x0000000010bdce10:   00000000000003d8 0000000010bdf0a8
0x0000000010bdce20:   0000000001d89ed0 0000000001d8aad0
0x0000000010bdce30:   00000000000003d8 00000000109a5e38
0x0000000010bdce40:   00000000109a5a60 0000000000000000
0x0000000010bdce50:   0000000010bdd608 00000000109a6000
0x0000000010bdce60:   0000000010a70910 00000000109a36e0
0x0000000010bdce70:   00000000109a3748 00000000109a3ac8
0x0000000010bdce80:   00000000000003d8 0000000010bdf0a8
0x0000000010bdce90:   0000000010bdd670 00000000109a3748
0x0000000010bdcea0:   00000000109a3748 0000000000000000
0x0000000010bdceb0:   00000000109a6000 00000000109a6000 

Instructions: (pc=0x000000006ab34e9e)
0x000000006ab34e7e:   24 40 0f b6 3d 41 22 65 00 ba 10 00 00 00 40 84
0x000000006ab34e8e:   ff 8b c2 b9 0c 00 00 00 0f 45 c1 45 33 c9 48 98
0x000000006ab34e9e:   4a 63 34 18 48 85 f6 7e 43 8b 0d 0b 2a 5f 00 48
0x000000006ab34eae:   8b 2d fc 29 5f 00 44 8d 42 08 40 84 ff 74 14 42 


Register to memory mapping:

RAX=0x000000000000000c is an unknown value
RBX=0x00000006fae00280 is pointing into object: 0x00000006fae00270
{other class} 
 - klass: {other class}
RCX=0x000000000000000c is an unknown value
RDX=0x0000000000000010 is an unknown value
RSP=0x0000000010bdcdc0 is pointing into the stack for thread: 0x00000000109a6000
RBP=0x00000000109a6000 is a thread
RSI=0x0000000000000001 is an unknown value
RDI=0x0000000000000001 is an unknown value
R8 =0x00000000109a3760 is an unknown value
R9 =0x0000000000000000 is an unknown value
R10=0x00000006fb0e55d8 is an oop
{instance class} 
 - klass: {other class}
R11=0x0000000000000000 is an unknown value
R12=0x0000000010bdd810 is pointing into the stack for thread: 0x00000000109a6000
R13=0x0000000000000018 is an unknown value
R14=0x0000000001d9c3b0 is an unknown value
R15=0x000000000eddd790 is an unknown value


Stack: [0x0000000010ae0000,0x0000000010be0000],  sp=0x0000000010bdcdc0,  free space=1011k
Native frames: (J=compiled Java code, j=interpreted, Vv=VM code, C=native code)
V  [jvm.dll+0x104e9e]

Java frames: (J=compiled Java code, j=interpreted, Vv=VM code)
v  ~RuntimeStub::ic_miss_stub
J 805 C2 com.android.dx.dex.code.LocalList$MakeState.snapshot(ILcom/android/dx/rop/code/RegisterSpecSet;)V (110 bytes) @ 0x00000000020a5fe8 [0x00000000020a5c60+0x388]
J 819 C2 com.android.dx.dex.code.LocalList.make(Lcom/android/dx/dex/code/DalvInsnList;)Lcom/android/dx/dex/code/LocalList; (102 bytes) @ 0x000000000215081c [0x0000000002150480+0x39c]
j  com.android.dx.dex.code.DalvCode.finishProcessingIfNecessary()V+39
j  com.android.dx.dex.code.DalvCode.getInsns()Lcom/android/dx/dex/code/DalvInsnList;+1
j  com.android.dx.dex.file.CodeItem.place0(Lcom/android/dx/dex/file/Section;I)V+55
j  com.android.dx.dex.file.OffsettedItem.place(Lcom/android/dx/dex/file/Section;I)I+73
j  com.android.dx.dex.file.MixedItemSection.placeItems()V+94
j  com.android.dx.dex.file.DexFile.toDex0(ZZ)Lcom/android/dx/util/ByteArrayAnnotatedOutput;+195
j  com.android.dx.dex.file.DexFile.toDex(Ljava/io/Writer;Z)[B+13
j  com.android.dx.command.dexer.Main.writeDex(Lcom/android/dx/dex/file/DexFile;)[B+44
j  com.android.dx.command.dexer.Main.access$3000(Lcom/android/dx/dex/file/DexFile;)[B+1
j  com.android.dx.command.dexer.Main$DexWriter.call()[B+4
j  com.android.dx.command.dexer.Main$DexWriter.call()Ljava/lang/Object;+1
j  java.util.concurrent.FutureTask.run()V+42
j  java.util.concurrent.ThreadPoolExecutor.runWorker(Ljava/util/concurrent/ThreadPoolExecutor$Worker;)V+95
j  java.util.concurrent.ThreadPoolExecutor$Worker.run()V+5
j  java.lang.Thread.run()V+11
v  ~StubRoutines::call_stub

---------------  P R O C E S S  ---------------

Java Threads: ( => current thread )
=>0x00000000109a6000 JavaThread "pool-1-thread-1" [_thread_in_vm, id=6192, stack(0x0000000010ae0000,0x0000000010be0000)]
  0x000000000ed70800 JavaThread "Service Thread" daemon [_thread_blocked, id=6712, stack(0x00000000104e0000,0x00000000105e0000)]
  0x000000000ed6e000 JavaThread "C2 CompilerThread1" daemon [_thread_blocked, id=5264, stack(0x00000000103e0000,0x00000000104e0000)]
  0x000000000ed63000 JavaThread "C2 CompilerThread0" daemon [_thread_blocked, id=5420, stack(0x00000000102e0000,0x00000000103e0000)]
  0x000000000ed62000 JavaThread "Attach Listener" daemon [_thread_blocked, id=5300, stack(0x00000000101e0000,0x00000000102e0000)]
  0x000000000ed5e800 JavaThread "Signal Dispatcher" daemon [_thread_blocked, id=6492, stack(0x00000000100e0000,0x00000000101e0000)]
  0x000000000ed2e800 JavaThread "Finalizer" daemon [_thread_blocked, id=6520, stack(0x000000000ffe0000,0x00000000100e0000)]
  0x000000000ed24800 JavaThread "Reference Handler" daemon [_thread_blocked, id=5416, stack(0x000000000fee0000,0x000000000ffe0000)]
  0x0000000001d40800 JavaThread "main" [_thread_blocked, id=6264, stack(0x0000000001c20000,0x0000000001d20000)]

Other Threads:
  0x000000000ed20800 VMThread [stack: 0x000000000fde0000,0x000000000fee0000] [id=6212]
  0x000000000ed7e000 WatcherThread [stack: 0x00000000105e0000,0x00000000106e0000] [id=6588]

VM state:not at safepoint (normal execution)

VM Mutex/Monitor currently owned by a thread: None

Heap
 PSYoungGen      total 153088K, used 138429K [0x00000007aaa80000, 0x00000007bea80000, 0x0000000800000000)
  eden space 133120K, 89% used [0x00000007aaa80000,0x00000007b1e36d48,0x00000007b2c80000)
  from space 19968K, 99% used [0x00000007b2c80000,0x00000007b3ff88b8,0x00000007b4000000)
  to   space 30720K, 0% used [0x00000007bcc80000,0x00000007bcc80000,0x00000007bea80000)
 ParOldGen       total 87040K, used 43094K [0x0000000700000000, 0x0000000705500000, 0x00000007aaa80000)
  object space 87040K, 49% used [0x0000000700000000,0x0000000702a15a90,0x0000000705500000)
 PSPermGen       total 21504K, used 6339K [0x00000006fae00000, 0x00000006fc300000, 0x0000000700000000)
  object space 21504K, 29% used [0x00000006fae00000,0x00000006fb430cf0,0x00000006fc300000)

Card table byte_map: [0x0000000004f00000,0x0000000005730000] byte_map_base: 0x0000000001729000

Polling page: 0x0000000001be0000

Code Cache  [0x0000000001e40000, 0x0000000002160000, 0x0000000004e40000)
 total_blobs=1075 nmethods=838 adapters=189 free_code_cache=46115Kb largest_free_block=47072768

Compilation events (10 events):
Event: 10.661 Thread 0x000000000ed6e000  863             java.util.ComparableTimSort::countRunAndMakeAscending (123 bytes)
Event: 10.671 Thread 0x000000000ed6e000 nmethod 863 0x00000000020c5010 code [0x00000000020c5200, 0x00000000020c5aa0]
Event: 10.678 Thread 0x000000000ed63000  864             com.android.dx.dex.code.form.Form22c::isCompatible (99 bytes)
Event: 10.681 Thread 0x000000000ed63000 nmethod 864 0x00000000020c6390 code [0x00000000020c6500, 0x00000000020c66d8]
Event: 10.682 Thread 0x000000000ed6e000  865             com.android.dx.dex.code.form.Form11x::codeSize (2 bytes)
Event: 10.682 Thread 0x000000000ed6e000 nmethod 865 0x0000000002152810 code [0x0000000002152940, 0x0000000002152998]
Event: 10.688 Thread 0x000000000ed63000  866             com.android.dx.dex.code.form.Form11x::isCompatible (40 bytes)
Event: 10.689 Thread 0x000000000ed63000 nmethod 866 0x00000000020ca8d0 code [0x00000000020caa20, 0x00000000020cab38]
Event: 10.704 Thread 0x000000000ed6e000  867             com.android.dx.dex.code.form.Form22c::codeSize (2 bytes)
Event: 10.704 Thread 0x000000000ed6e000 nmethod 867 0x00000000020c0e10 code [0x00000000020c0f40, 0x00000000020c0f98]

GC Heap History (10 events):
Event: 3.259 GC heap before
{Heap before GC invocations=3 (full 0):
 PSYoungGen      total 38912K, used 38895K [0x00000007aaa80000, 0x00000007af680000, 0x0000000800000000)
  eden space 33792K, 100% used [0x00000007aaa80000,0x00000007acb80000,0x00000007acb80000)
  from space 5120K, 99% used [0x00000007ad080000,0x00000007ad57be10,0x00000007ad580000)
  to   space 5120K, 0% used [0x00000007acb80000,0x00000007acb80000,0x00000007ad080000)
 ParOldGen       total 87040K, used 4189K [0x0000000700000000, 0x0000000705500000, 0x00000007aaa80000)
  object space 87040K, 4% used [0x0000000700000000,0x0000000700417570,0x0000000705500000)
 PSPermGen       total 21504K, used 5954K [0x00000006fae00000, 0x00000006fc300000, 0x0000000700000000)
  object space 21504K, 27% used [0x00000006fae00000,0x00000006fb3d0b68,0x00000006fc300000)
Event: 3.413 GC heap after
Heap after GC invocations=3 (full 0):
 PSYoungGen      total 38912K, used 5089K [0x00000007aaa80000, 0x00000007af680000, 0x0000000800000000)
  eden space 33792K, 0% used [0x00000007aaa80000,0x00000007aaa80000,0x00000007acb80000)
  from space 5120K, 99% used [0x00000007acb80000,0x00000007ad0785d8,0x00000007ad080000)
  to   space 5120K, 0% used [0x00000007af180000,0x00000007af180000,0x00000007af680000)
 ParOldGen       total 87040K, used 10331K [0x0000000700000000, 0x0000000705500000, 0x00000007aaa80000)
  object space 87040K, 11% used [0x0000000700000000,0x0000000700a16d10,0x0000000705500000)
 PSPermGen       total 21504K, used 5954K [0x00000006fae00000, 0x00000006fc300000, 0x0000000700000000)
  object space 21504K, 27% used [0x00000006fae00000,0x00000006fb3d0b68,0x00000006fc300000)
}
Event: 4.492 GC heap before
{Heap before GC invocations=4 (full 0):
 PSYoungGen      total 38912K, used 38881K [0x00000007aaa80000, 0x00000007af680000, 0x0000000800000000)
  eden space 33792K, 100% used [0x00000007aaa80000,0x00000007acb80000,0x00000007acb80000)
  from space 5120K, 99% used [0x00000007acb80000,0x00000007ad0785d8,0x00000007ad080000)
  to   space 5120K, 0% used [0x00000007af180000,0x00000007af180000,0x00000007af680000)
 ParOldGen       total 87040K, used 10331K [0x0000000700000000, 0x0000000705500000, 0x00000007aaa80000)
  object space 87040K, 11% used [0x0000000700000000,0x0000000700a16d10,0x0000000705500000)
 PSPermGen       total 21504K, used 5969K [0x00000006fae00000, 0x00000006fc300000, 0x0000000700000000)
  object space 21504K, 27% used [0x00000006fae00000,0x00000006fb3d4690,0x00000006fc300000)
Event: 4.512 GC heap after
Heap after GC invocations=4 (full 0):
 PSYoungGen      total 72704K, used 5105K [0x00000007aaa80000, 0x00000007af680000, 0x0000000800000000)
  eden space 67584K, 0% used [0x00000007aaa80000,0x00000007aaa80000,0x00000007aec80000)
  from space 5120K, 99% used [0x00000007af180000,0x00000007af67c5e8,0x00000007af680000)
  to   space 5120K, 0% used [0x00000007aec80000,0x00000007aec80000,0x00000007af180000)
 ParOldGen       total 87040K, used 15894K [0x0000000700000000, 0x0000000705500000, 0x00000007aaa80000)
  object space 87040K, 18% used [0x0000000700000000,0x0000000700f85a70,0x0000000705500000)
 PSPermGen       total 21504K, used 5969K [0x00000006fae00000, 0x00000006fc300000, 0x0000000700000000)
  object space 21504K, 27% used [0x00000006fae00000,0x00000006fb3d4690,0x00000006fc300000)
}
Event: 5.475 GC heap before
{Heap before GC invocations=5 (full 0):
 PSYoungGen      total 72704K, used 72689K [0x00000007aaa80000, 0x00000007af680000, 0x0000000800000000)
  eden space 67584K, 100% used [0x00000007aaa80000,0x00000007aec80000,0x00000007aec80000)
  from space 5120K, 99% used [0x00000007af180000,0x00000007af67c5e8,0x00000007af680000)
  to   space 5120K, 0% used [0x00000007aec80000,0x00000007aec80000,0x00000007af180000)
 ParOldGen       total 87040K, used 15894K [0x0000000700000000, 0x0000000705500000, 0x00000007aaa80000)
  object space 87040K, 18% used [0x0000000700000000,0x0000000700f85a70,0x0000000705500000)
 PSPermGen       total 21504K, used 6018K [0x00000006fae00000, 0x00000006fc300000, 0x0000000700000000)
  object space 21504K, 27% used [0x00000006fae00000,0x00000006fb3e0948,0x00000006fc300000)
Event: 5.747 GC heap after
Heap after GC invocations=5 (full 0):
 PSYoungGen      total 72704K, used 5089K [0x00000007aaa80000, 0x00000007b5180000, 0x0000000800000000)
  eden space 67584K, 0% used [0x00000007aaa80000,0x00000007aaa80000,0x00000007aec80000)
  from space 5120K, 99% used [0x00000007aec80000,0x00000007af1785f8,0x00000007af180000)
  to   space 17920K, 0% used [0x00000007b4000000,0x00000007b4000000,0x00000007b5180000)
 ParOldGen       total 87040K, used 27495K [0x0000000700000000, 0x0000000705500000, 0x00000007aaa80000)
  object space 87040K, 31% used [0x0000000700000000,0x0000000701ad9cc0,0x0000000705500000)
 PSPermGen       total 21504K, used 6018K [0x00000006fae00000, 0x00000006fc300000, 0x0000000700000000)
  object space 21504K, 27% used [0x00000006fae00000,0x00000006fb3e0948,0x00000006fc300000)
}
Event: 6.376 GC heap before
{Heap before GC invocations=6 (full 0):
 PSYoungGen      total 72704K, used 72673K [0x00000007aaa80000, 0x00000007b5180000, 0x0000000800000000)
  eden space 67584K, 100% used [0x00000007aaa80000,0x00000007aec80000,0x00000007aec80000)
  from space 5120K, 99% used [0x00000007aec80000,0x00000007af1785f8,0x00000007af180000)
  to   space 17920K, 0% used [0x00000007b4000000,0x00000007b4000000,0x00000007b5180000)
 ParOldGen       total 87040K, used 27495K [0x0000000700000000, 0x0000000705500000, 0x00000007aaa80000)
  object space 87040K, 31% used [0x0000000700000000,0x0000000701ad9cc0,0x0000000705500000)
 PSPermGen       total 21504K, used 6034K [0x00000006fae00000, 0x00000006fc300000, 0x0000000700000000)
  object space 21504K, 28% used [0x00000006fae00000,0x00000006fb3e4978,0x00000006fc300000)
Event: 6.502 GC heap after
Heap after GC invocations=6 (full 0):
 PSYoungGen      total 151040K, used 15979K [0x00000007aaa80000, 0x00000007b5580000, 0x0000000800000000)
  eden space 133120K, 0% used [0x00000007aaa80000,0x00000007aaa80000,0x00000007b2c80000)
  from space 17920K, 89% used [0x00000007b4000000,0x00000007b4f9af98,0x00000007b5180000)
  to   space 19968K, 0% used [0x00000007b2c80000,0x00000007b2c80000,0x00000007b4000000)
 ParOldGen       total 87040K, used 27495K [0x0000000700000000, 0x0000000705500000, 0x00000007aaa80000)
  object space 87040K, 31% used [0x0000000700000000,0x0000000701ad9cc0,0x0000000705500000)
 PSPermGen       total 21504K, used 6034K [0x00000006fae00000, 0x00000006fc300000, 0x0000000700000000)
  object space 21504K, 28% used [0x00000006fae00000,0x00000006fb3e4978,0x00000006fc300000)
}
Event: 7.985 GC heap before
{Heap before GC invocations=7 (full 0):
 PSYoungGen      total 151040K, used 149099K [0x00000007aaa80000, 0x00000007b5580000, 0x0000000800000000)
  eden space 133120K, 100% used [0x00000007aaa80000,0x00000007b2c80000,0x00000007b2c80000)
  from space 17920K, 89% used [0x00000007b4000000,0x00000007b4f9af98,0x00000007b5180000)
  to   space 19968K, 0% used [0x00000007b2c80000,0x00000007b2c80000,0x00000007b4000000)
 ParOldGen       total 87040K, used 27495K [0x0000000700000000, 0x0000000705500000, 0x00000007aaa80000)
  object space 87040K, 31% used [0x0000000700000000,0x0000000701ad9cc0,0x0000000705500000)
 PSPermGen       total 21504K, used 6099K [0x00000006fae00000, 0x00000006fc300000, 0x0000000700000000)
  object space 21504K, 28% used [0x00000006fae00000,0x00000006fb3f4f20,0x00000006fc300000)
Event: 8.060 GC heap after
Heap after GC invocations=7 (full 0):
 PSYoungGen      total 153088K, used 19938K [0x00000007aaa80000, 0x00000007bea80000, 0x0000000800000000)
  eden space 133120K, 0% used [0x00000007aaa80000,0x00000007aaa80000,0x00000007b2c80000)
  from space 19968K, 99% used [0x00000007b2c80000,0x00000007b3ff88b8,0x00000007b4000000)
  to   space 30720K, 0% used [0x00000007bcc80000,0x00000007bcc80000,0x00000007bea80000)
 ParOldGen       total 87040K, used 43094K [0x0000000700000000, 0x0000000705500000, 0x00000007aaa80000)
  object space 87040K, 49% used [0x0000000700000000,0x0000000702a15a90,0x0000000705500000)
 PSPermGen       total 21504K, used 6099K [0x00000006fae00000, 0x00000006fc300000, 0x0000000700000000)
  object space 21504K, 28% used [0x00000006fae00000,0x00000006fb3f4f20,0x00000006fc300000)
}

Deoptimization events (10 events):
Event: 9.503 Thread 0x00000000109a6000 Uncommon trap: reason=class_check action=maybe_recompile pc=0x00000000020a7c70 method=com.android.dx.dex.file.UniformItemSection.prepare0()V @ 6
Event: 9.547 Thread 0x00000000109a6000 Uncommon trap: reason=class_check action=maybe_recompile pc=0x00000000020a7c70 method=com.android.dx.dex.file.UniformItemSection.prepare0()V @ 6
Event: 9.733 Thread 0x00000000109a6000 Uncommon trap: reason=predicate action=maybe_recompile pc=0x00000000020306ec method=java.util.ComparableTimSort.binarySort([Ljava/lang/Object;III)V @ 37
Event: 10.102 Thread 0x00000000109a6000 Uncommon trap: reason=bimorphic action=maybe_recompile pc=0x0000000001fafa9c method=com.android.dx.dex.code.OutputFinisher.calculateReservedCount([Lcom/android/dx/dex/code/Dop;)I @ 72
Event: 10.103 Thread 0x00000000109a6000 Uncommon trap: reason=bimorphic action=maybe_recompile pc=0x0000000001fafa9c method=com.android.dx.dex.code.OutputFinisher.calculateReservedCount([Lcom/android/dx/dex/code/Dop;)I @ 72
Event: 10.379 Thread 0x00000000109a6000 Uncommon trap: reason=bimorphic action=maybe_recompile pc=0x0000000001fafa9c method=com.android.dx.dex.code.OutputFinisher.calculateReservedCount([Lcom/android/dx/dex/code/Dop;)I @ 72
Event: 10.379 Thread 0x00000000109a6000 Uncommon trap: reason=bimorphic action=maybe_recompile pc=0x0000000001fafa9c method=com.android.dx.dex.code.OutputFinisher.calculateReservedCount([Lcom/android/dx/dex/code/Dop;)I @ 72
Event: 10.722 Thread 0x00000000109a6000 Uncommon trap: reason=array_check action=maybe_recompile pc=0x00000000020cb354 method=java.util.ComparableTimSort.binarySort([Ljava/lang/Object;III)V @ 193
Event: 10.724 Thread 0x00000000109a6000 Uncommon trap: reason=array_check action=maybe_recompile pc=0x00000000020cb354 method=java.util.ComparableTimSort.binarySort([Ljava/lang/Object;III)V @ 193
Event: 10.733 Thread 0x00000000109a6000 Uncommon trap: reason=array_check action=maybe_recompile pc=0x00000000020cb354 method=java.util.ComparableTimSort.binarySort([Ljava/lang/Object;III)V @ 193

Internal exceptions (10 events):
Event: 9.678 Thread 0x00000000109a6000 Threw 0x00000007b1145138 at C:\re\jdk7u79\2331\hotspot\src\share\vm\prims\jvm.cpp:1304
Event: 9.679 Thread 0x00000000109a6000 Threw 0x00000007b114a1e0 at C:\re\jdk7u79\2331\hotspot\src\share\vm\prims\jvm.cpp:1304
Event: 9.680 Thread 0x00000000109a6000 Threw 0x00000007b1150640 at C:\re\jdk7u79\2331\hotspot\src\share\vm\prims\jvm.cpp:1304
Event: 9.681 Thread 0x00000000109a6000 Threw 0x00000007b1153428 at C:\re\jdk7u79\2331\hotspot\src\share\vm\prims\jvm.cpp:1304
Event: 9.681 Thread 0x00000000109a6000 Threw 0x00000007b1158118 at C:\re\jdk7u79\2331\hotspot\src\share\vm\prims\jvm.cpp:1304
Event: 9.682 Thread 0x00000000109a6000 Threw 0x00000007b115c690 at C:\re\jdk7u79\2331\hotspot\src\share\vm\prims\jvm.cpp:1304
Event: 9.734 Thread 0x00000000109a6000 Threw 0x00000007b117c578 at C:\re\jdk7u79\2331\hotspot\src\share\vm\prims\jvm.cpp:1304
Event: 9.734 Thread 0x00000000109a6000 Threw 0x00000007b117f4d0 at C:\re\jdk7u79\2331\hotspot\src\share\vm\prims\jvm.cpp:1304
Event: 9.735 Thread 0x00000000109a6000 Threw 0x00000007b11828a8 at C:\re\jdk7u79\2331\hotspot\src\share\vm\prims\jvm.cpp:1304
Event: 9.814 Thread 0x00000000109a6000 Threw 0x00000007b11ab3e8 at C:\re\jdk7u79\2331\hotspot\src\share\vm\prims\jvm.cpp:1304

Events (10 events):
Event: 10.380 Thread 0x000000000ed63000 flushing nmethod 0x00000000020f9e50
Event: 10.722 Thread 0x00000000109a6000 Uncommon trap: trap_request=0xffffffd6 fr.pc=0x00000000020cb354
Event: 10.722 Thread 0x00000000109a6000 DEOPT PACKING pc=0x00000000020cb354 sp=0x0000000010bde680
Event: 10.722 Thread 0x00000000109a6000 DEOPT UNPACKING pc=0x0000000001e775a4 sp=0x0000000010bde648 mode 2
Event: 10.724 Thread 0x00000000109a6000 Uncommon trap: trap_request=0xffffffd6 fr.pc=0x00000000020cb354
Event: 10.724 Thread 0x00000000109a6000 DEOPT PACKING pc=0x00000000020cb354 sp=0x0000000010bde680
Event: 10.724 Thread 0x00000000109a6000 DEOPT UNPACKING pc=0x0000000001e775a4 sp=0x0000000010bde648 mode 2
Event: 10.733 Thread 0x00000000109a6000 Uncommon trap: trap_request=0xffffffd6 fr.pc=0x00000000020cb354
Event: 10.733 Thread 0x00000000109a6000 DEOPT PACKING pc=0x00000000020cb354 sp=0x0000000010bde680
Event: 10.733 Thread 0x00000000109a6000 DEOPT UNPACKING pc=0x0000000001e775a4 sp=0x0000000010bde648 mode 2


Dynamic libraries:
0x00007ff74ef70000 - 0x00007ff74efa3000 	C:\Program Files\Java\jdk1.7.0_79\bin\java.exe
0x00007ff9ee3f0000 - 0x00007ff9ee59d000 	C:\Windows\SYSTEM32\ntdll.dll
0x00007ff9ee050000 - 0x00007ff9ee18e000 	C:\Windows\system32\KERNEL32.DLL
0x00007ff9eb610000 - 0x00007ff9eb725000 	C:\Windows\system32\KERNELBASE.dll
0x00007ff9e9d40000 - 0x00007ff9e9dce000 	C:\Windows\system32\apphelp.dll
0x00007ff9d7cd0000 - 0x00007ff9d7d23000 	C:\Windows\AppPatch\AppPatch64\AcGenral.DLL
0x00007ff9ee250000 - 0x00007ff9ee2fa000 	C:\Windows\system32\msvcrt.dll
0x00007ff9eb5e0000 - 0x00007ff9eb60e000 	C:\Windows\system32\SspiCli.dll
0x00007ff9eda50000 - 0x00007ff9edaa4000 	C:\Windows\system32\SHLWAPI.dll
0x00007ff9ed8d0000 - 0x00007ff9eda47000 	C:\Windows\system32\USER32.dll
0x00007ff9ebed0000 - 0x00007ff9ec064000 	C:\Windows\system32\ole32.dll
0x00007ff9ec3a0000 - 0x00007ff9ed8c8000 	C:\Windows\system32\SHELL32.dll
0x00007ff9eaab0000 - 0x00007ff9eaad1000 	C:\Windows\SYSTEM32\USERENV.dll
0x00007ff9ec230000 - 0x00007ff9ec2da000 	C:\Windows\system32\ADVAPI32.dll
0x00007ff9e1860000 - 0x00007ff9e187e000 	C:\Windows\SYSTEM32\MPR.dll
0x00007ff9edc20000 - 0x00007ff9edd60000 	C:\Windows\system32\RPCRT4.dll
0x00007ff9ebc90000 - 0x00007ff9ebce9000 	C:\Windows\SYSTEM32\sechost.dll
0x00007ff9eba70000 - 0x00007ff9ebc81000 	C:\Windows\SYSTEM32\combase.dll
0x00007ff9ec070000 - 0x00007ff9ec1bf000 	C:\Windows\system32\GDI32.dll
0x00007ff9eb510000 - 0x00007ff9eb525000 	C:\Windows\SYSTEM32\profapi.dll
0x00007ff9e99d0000 - 0x00007ff9e9a82000 	C:\Windows\SYSTEM32\SHCORE.dll
0x00007ff9eddf0000 - 0x00007ff9ede26000 	C:\Windows\system32\IMM32.DLL
0x00007ff9edac0000 - 0x00007ff9edc12000 	C:\Windows\system32\MSCTF.dll
0x00007ff9ea610000 - 0x00007ff9ea88b000 	C:\Windows\WinSxS\amd64_microsoft.windows.common-controls_6595b64144ccf1df_6.0.9600.18006_none_623f33d3ecbe86e8\COMCTL32.dll
0x000000006a950000 - 0x000000006aa22000 	C:\Program Files\Java\jdk1.7.0_79\jre\bin\msvcr100.dll
0x000000006aa30000 - 0x000000006b205000 	C:\Program Files\Java\jdk1.7.0_79\jre\bin\server\jvm.dll
0x00007ff9e57a0000 - 0x00007ff9e57a9000 	C:\Windows\SYSTEM32\WSOCK32.dll
0x00007ff9e8c20000 - 0x00007ff9e8c42000 	C:\Windows\SYSTEM32\WINMM.dll
0x00007ff9edd60000 - 0x00007ff9edd67000 	C:\Windows\system32\PSAPI.DLL
0x00007ff9edff0000 - 0x00007ff9ee04a000 	C:\Windows\system32\WS2_32.dll
0x00007ff9e7a20000 - 0x00007ff9e7a4a000 	C:\Windows\SYSTEM32\WINMMBASE.dll
0x00007ff9edab0000 - 0x00007ff9edab9000 	C:\Windows\system32\NSI.dll
0x00007ff9eb9c0000 - 0x00007ff9eba0f000 	C:\Windows\SYSTEM32\cfgmgr32.dll
0x00007ff9e9fc0000 - 0x00007ff9e9fe8000 	C:\Windows\SYSTEM32\DEVOBJ.dll
0x000000006a940000 - 0x000000006a94f000 	C:\Program Files\Java\jdk1.7.0_79\jre\bin\verify.dll
0x000000006a910000 - 0x000000006a938000 	C:\Program Files\Java\jdk1.7.0_79\jre\bin\java.dll
0x000000006a8f0000 - 0x000000006a905000 	C:\Program Files\Java\jdk1.7.0_79\jre\bin\zip.dll
0x000000006a8d0000 - 0x000000006a8ea000 	C:\Program Files\Java\jdk1.7.0_79\jre\bin\net.dll
0x00007ff9ead90000 - 0x00007ff9eade9000 	C:\Windows\system32\mswsock.dll
0x000000006a8b0000 - 0x000000006a8c1000 	C:\Program Files\Java\jdk1.7.0_79\jre\bin\nio.dll
0x00007ff9e7340000 - 0x00007ff9e74c9000 	C:\Windows\SYSTEM32\dbghelp.dll

VM Arguments:
jvm_args: -Djava.awt.headless=true -Xmx4g -Dfile.encoding=windows-1252 -Duser.country=IN -Duser.language=en -Duser.variant 
java_command: com.android.dx.command.Main --dex --force-jumbo --num-threads=4 --multi-dex --output E:\Bhavin\work\oct2016\versionthree\StorefinderV3\app\build\intermediates\transforms\dex\debug\folders\1000\10\com.android.support-support-v4-23.4.0_67dbc754f36f0cf6a935a899e6ce5388b82a7d80 E:\Bhavin\work\oct2016\versionthree\StorefinderV3\app\build\intermediates\exploded-aar\com.android.support\support-v4\23.4.0\jars\classes.jar
Launcher Type: SUN_STANDARD

Environment Variables:
PATH=C:\Windows\system32;C:\Windows;C:\Windows\System32\Wbem;C:\Windows\System32\WindowsPowerShell\v1.0\;C:\Program Files (x86)\Skype\Phone\;C:\adb
USERNAME=Redixbit
OS=Windows_NT
PROCESSOR_IDENTIFIER=Intel64 Family 6 Model 58 Stepping 9, GenuineIntel



---------------  S Y S T E M  ---------------

OS: Windows 8.1 , 64 bit Build 9600 

CPU:total 4 (2 cores per cpu, 2 threads per core) family 6 model 58 stepping 9, cmov, cx8, fxsr, mmx, sse, sse2, sse3, ssse3, sse4.1, sse4.2, popcnt, avx, erms, ht, tsc, tscinvbit, tscinv

Memory: 4k page, physical 8366504k(2335632k free), swap 16755112k(5273592k free)

vm_info: Java HotSpot(TM) 64-Bit Server VM (24.79-b02) for windows-amd64 JRE (1.7.0_79-b15), built on Apr 10 2015 12:36:16 by "java_re" with unknown MS VC++:1600

time: Thu Oct 27 17:16:27 2016
elapsed time: 10 seconds

