#
# A fatal error has been detected by the Java Runtime Environment:
#
#  EXCEPTION_ACCESS_VIOLATION (0xc0000005) at pc=0x000000006aa70af0, pid=6832, tid=7080
#
# JRE version: Java(TM) SE Runtime Environment (7.0_79-b15) (build 1.7.0_79-b15)
# Java VM: Java HotSpot(TM) 64-Bit Server VM (24.79-b02 mixed mode windows-amd64 compressed oops)
# Problematic frame:
# V  [jvm.dll+0x40af0]
#
# Failed to write core dump. Minidumps are not enabled by default on client versions of Windows
#
# If you would like to submit a bug report, please visit:
#   http://bugreport.java.com/bugreport/crash.jsp
#

---------------  T H R E A D  ---------------

Current thread (0x0000000002548000):  GCTaskThread [stack: 0x00000000064c0000,0x00000000065c0000] [id=7080]

siginfo: ExceptionCode=0xc0000005, reading address 0x0000000000000018

Registers:
RAX=0x0000000000000000, RBX=0x00000007af20bd40, RCX=0x00000007af20bd40, RDX=0x0000000000000010
RSP=0x00000000065bf678, RBP=0x0000000000000000, RSI=0x000000000f3bf310, RDI=0x00000000120abcf0
R8 =0x000000000f3bf310, R9 =0x000000006aff9c58, R10=0x0000000005e60000, R11=0x0000000002660000
R12=0x000000006aff9c70, R13=0x0000000000000000, R14=0x0000000000000000, R15=0x0000000002548600
RIP=0x000000006aa70af0, EFLAGS=0x0000000000010202

Top of Stack: (sp=0x00000000065bf678)
0x00000000065bf678:   000000006add4ca6 000000000f3bf310
0x00000000065bf688:   000000000f3bf310 000000000f3bf310
0x00000000065bf698:   0000000002698cb0 0000000700000000
0x00000000065bf6a8:   000000006add53b4 0000000700384474
0x00000000065bf6b8:   000000006ab1fed3 0000000000000000
0x00000000065bf6c8:   0000000002544901 000000006aff9c70
0x00000000065bf6d8:   000000006add5030 000000070050c3ec
0x00000000065bf6e8:   0000000000000000 000000000f3bf310
0x00000000065bf6f8:   00000000120abcf0 000000070050c3ec
0x00000000065bf708:   000000006add5a75 00000007005cd798
0x00000000065bf718:   000000006adc3a83 000000000565c028
0x00000000065bf728:   0000000700600000 000000000565be83
0x00000000065bf738:   000000006ac013ad 000000000565c200
0x00000000065bf748:   000000000565c028 0000000000000200
0x00000000065bf758:   0000000000000000 000000000252d3c0
0x00000000065bf768:   000000006ac07cb2 0000000002548000 

Instructions: (pc=0x000000006aa70af0)
0x000000006aa70ad0:   0d 44 0f b7 c0 48 83 c1 40 e8 a2 73 51 00 48 83
0x000000006aa70ae0:   c4 28 c3 cc cc cc cc cc cc cc cc cc cc cc cc cc
0x000000006aa70af0:   44 8b 42 08 4c 8b ca 45 85 c0 7e 0e 41 f6 c0 01
0x000000006aa70b00:   75 57 41 c1 f8 03 41 8b c0 c3 79 4d 80 3d b5 65 


Register to memory mapping:

RAX=0x0000000000000000 is an unknown value
RBX=0x00000007af20bd40 is an unknown value
RCX=0x00000007af20bd40 is an unknown value
RDX=0x0000000000000010 is an unknown value
RSP=0x00000000065bf678 is an unknown value
RBP=0x0000000000000000 is an unknown value
RSI=0x000000000f3bf310 is an unknown value
RDI=0x00000000120abcf0 is an unknown value
R8 =0x000000000f3bf310 is an unknown value
R9 =0x000000006aff9c58 is an unknown value
R10=0x0000000005e60000 is an unknown value
R11=0x0000000002660000 is pointing into interpreter code (not bytecode specific)
R12=0x000000006aff9c70 is an unknown value
R13=0x0000000000000000 is an unknown value
R14=0x0000000000000000 is an unknown value
R15=0x0000000002548600 is an unknown value


Stack: [0x00000000064c0000,0x00000000065c0000],  sp=0x00000000065bf678,  free space=1021k
Native frames: (J=compiled Java code, j=interpreted, Vv=VM code, C=native code)
V  [jvm.dll+0x40af0]

[error occurred during error reporting (printing native stack), id 0xc0000005]


---------------  P R O C E S S  ---------------

Java Threads: ( => current thread )
  0x0000000010f57000 JavaThread "pool-2-thread-4" [_thread_blocked, id=1148, stack(0x0000000011580000,0x0000000011680000)]
  0x0000000010f22800 JavaThread "pool-2-thread-3" [_thread_blocked, id=3844, stack(0x0000000011480000,0x0000000011580000)]
  0x0000000010f22000 JavaThread "pool-2-thread-2" [_thread_blocked, id=6504, stack(0x0000000011380000,0x0000000011480000)]
  0x0000000010f1f000 JavaThread "pool-3-thread-1" [_thread_blocked, id=6564, stack(0x0000000011280000,0x0000000011380000)]
  0x0000000010f1e000 JavaThread "pool-2-thread-1" [_thread_blocked, id=4896, stack(0x0000000011180000,0x0000000011280000)]
  0x000000000f414000 JavaThread "Service Thread" daemon [_thread_blocked, id=6304, stack(0x0000000010b80000,0x0000000010c80000)]
  0x000000000f40e000 JavaThread "C2 CompilerThread1" daemon [_thread_blocked, id=6156, stack(0x0000000010a80000,0x0000000010b80000)]
  0x000000000f40b000 JavaThread "C2 CompilerThread0" daemon [_thread_blocked, id=4540, stack(0x0000000010980000,0x0000000010a80000)]
  0x000000000f40a000 JavaThread "Attach Listener" daemon [_thread_blocked, id=5596, stack(0x0000000010880000,0x0000000010980000)]
  0x000000000f406800 JavaThread "Signal Dispatcher" daemon [_thread_blocked, id=7140, stack(0x0000000010780000,0x0000000010880000)]
  0x000000000f3cf000 JavaThread "Finalizer" daemon [_thread_blocked, id=1260, stack(0x0000000010680000,0x0000000010780000)]
  0x000000000f3c4800 JavaThread "Reference Handler" daemon [_thread_blocked, id=2548, stack(0x0000000010580000,0x0000000010680000)]
  0x0000000002530800 JavaThread "main" [_thread_blocked, id=7144, stack(0x0000000002380000,0x0000000002480000)]

Other Threads:
  0x000000000f3c0800 VMThread [stack: 0x0000000010480000,0x0000000010580000] [id=5348]
  0x000000000f421800 WatcherThread [stack: 0x0000000010c80000,0x0000000010d80000] [id=3228]

=>0x0000000002548000 (exited) GCTaskThread [stack: 0x00000000064c0000,0x00000000065c0000] [id=7080]

VM state:at safepoint (normal execution)

VM Mutex/Monitor currently owned by a thread:  ([mutex/lock_event])
[0x000000000252bab0] Threads_lock - owner thread: 0x000000000f3c0800
[0x000000000252c830] Heap_lock - owner thread: 0x0000000010f1e000

Heap
 PSYoungGen      total 72704K, used 72682K [0x00000007aaa80000, 0x00000007af680000, 0x0000000800000000)
  eden space 67584K, 100% used [0x00000007aaa80000,0x00000007aec80000,0x00000007aec80000)
  from space 5120K, 99% used [0x00000007af180000,0x00000007af67a910,0x00000007af680000)
  to   space 5120K, 99% used [0x00000007aec80000,0x00000007af17c9d8,0x00000007af180000)
 ParOldGen       total 87040K, used 17200K [0x0000000700000000, 0x0000000705500000, 0x00000007aaa80000)
  object space 87040K, 19% used [0x0000000700000000,0x00000007010cc3b8,0x0000000705500000)
 PSPermGen       total 21504K, used 5917K [0x00000006fae00000, 0x00000006fc300000, 0x0000000700000000)
  object space 21504K, 27% used [0x00000006fae00000,0x00000006fb3c7688,0x00000006fc300000)

Card table byte_map: [0x0000000005630000,0x0000000005e60000] byte_map_base: 0x0000000001e59000

Polling page: 0x0000000000a20000

Code Cache  [0x0000000002630000, 0x00000000028a0000, 0x0000000005630000)
 total_blobs=742 nmethods=506 adapters=188 free_code_cache=47187Kb largest_free_block=48275968

Compilation events (10 events):
Event: 5.060 Thread 0x000000000f40b000 nmethod 503 0x0000000002805cd0 code [0x0000000002805ee0, 0x0000000002806740]
Event: 5.061 Thread 0x000000000f40b000  504             com.android.dx.cf.code.Simulator::access$300 (5 bytes)
Event: 5.061 Thread 0x000000000f40b000 nmethod 504 0x00000000027fe850 code [0x00000000027fe980, 0x00000000027fe9d8]
Event: 5.061 Thread 0x000000000f40b000  505   !         java.util.BitSet::clone (48 bytes)
Event: 5.063 Thread 0x000000000f40b000 nmethod 505 0x00000000028057d0 code [0x0000000002805940, 0x0000000002805b68]
Event: 5.063 Thread 0x000000000f40b000  506             com.android.dx.dex.code.RopTranslator::getRegs (64 bytes)
Event: 5.072 Thread 0x000000000f40b000 nmethod 506 0x0000000002814250 code [0x00000000028143e0, 0x0000000002814868]
Event: 5.072 Thread 0x000000000f40b000  507             java.util.ArrayList::<init> (44 bytes)
Event: 5.073 Thread 0x000000000f40b000 nmethod 507 0x0000000002807810 code [0x0000000002807960, 0x0000000002807a98]
Event: 5.073 Thread 0x000000000f40b000  508   !         com.android.dx.cf.code.BytecodeArray::parseInstruction (2764 bytes)

GC Heap History (5 events):
Event: 2.630 GC heap before
{Heap before GC invocations=1 (full 0):
 PSYoungGen      total 38912K, used 33792K [0x00000007aaa80000, 0x00000007ad580000, 0x0000000800000000)
  eden space 33792K, 100% used [0x00000007aaa80000,0x00000007acb80000,0x00000007acb80000)
  from space 5120K, 0% used [0x00000007ad080000,0x00000007ad080000,0x00000007ad580000)
  to   space 5120K, 0% used [0x00000007acb80000,0x00000007acb80000,0x00000007ad080000)
 ParOldGen       total 87040K, used 0K [0x0000000700000000, 0x0000000705500000, 0x00000007aaa80000)
  object space 87040K, 0% used [0x0000000700000000,0x0000000700000000,0x0000000705500000)
 PSPermGen       total 21504K, used 5784K [0x00000006fae00000, 0x00000006fc300000, 0x0000000700000000)
  object space 21504K, 26% used [0x00000006fae00000,0x00000006fb3a61f0,0x00000006fc300000)
Event: 2.761 GC heap after
Heap after GC invocations=1 (full 0):
 PSYoungGen      total 38912K, used 5092K [0x00000007aaa80000, 0x00000007af680000, 0x0000000800000000)
  eden space 33792K, 0% used [0x00000007aaa80000,0x00000007aaa80000,0x00000007acb80000)
  from space 5120K, 99% used [0x00000007acb80000,0x00000007ad0792e8,0x00000007ad080000)
  to   space 5120K, 0% used [0x00000007af180000,0x00000007af180000,0x00000007af680000)
 ParOldGen       total 87040K, used 883K [0x0000000700000000, 0x0000000705500000, 0x00000007aaa80000)
  object space 87040K, 1% used [0x0000000700000000,0x00000007000dccc0,0x0000000705500000)
 PSPermGen       total 21504K, used 5784K [0x00000006fae00000, 0x00000006fc300000, 0x0000000700000000)
  object space 21504K, 26% used [0x00000006fae00000,0x00000006fb3a61f0,0x00000006fc300000)
}
Event: 4.032 GC heap before
{Heap before GC invocations=2 (full 0):
 PSYoungGen      total 38912K, used 38884K [0x00000007aaa80000, 0x00000007af680000, 0x0000000800000000)
  eden space 33792K, 100% used [0x00000007aaa80000,0x00000007acb80000,0x00000007acb80000)
  from space 5120K, 99% used [0x00000007acb80000,0x00000007ad0792e8,0x00000007ad080000)
  to   space 5120K, 0% used [0x00000007af180000,0x00000007af180000,0x00000007af680000)
 ParOldGen       total 87040K, used 883K [0x0000000700000000, 0x0000000705500000, 0x00000007aaa80000)
  object space 87040K, 1% used [0x0000000700000000,0x00000007000dccc0,0x0000000705500000)
 PSPermGen       total 21504K, used 5851K [0x00000006fae00000, 0x00000006fc300000, 0x0000000700000000)
  object space 21504K, 27% used [0x00000006fae00000,0x00000006fb3b6f00,0x00000006fc300000)
Event: 4.129 GC heap after
Heap after GC invocations=2 (full 0):
 PSYoungGen      total 72704K, used 5098K [0x00000007aaa80000, 0x00000007af680000, 0x0000000800000000)
  eden space 67584K, 0% used [0x00000007aaa80000,0x00000007aaa80000,0x00000007aec80000)
  from space 5120K, 99% used [0x00000007af180000,0x00000007af67a910,0x00000007af680000)
  to   space 5120K, 0% used [0x00000007aec80000,0x00000007aec80000,0x00000007af180000)
 ParOldGen       total 87040K, used 6163K [0x0000000700000000, 0x0000000705500000, 0x00000007aaa80000)
  object space 87040K, 7% used [0x0000000700000000,0x0000000700604fc8,0x0000000705500000)
 PSPermGen       total 21504K, used 5851K [0x00000006fae00000, 0x00000006fc300000, 0x0000000700000000)
  object space 21504K, 27% used [0x00000006fae00000,0x00000006fb3b6f00,0x00000006fc300000)
}
Event: 5.123 GC heap before
{Heap before GC invocations=3 (full 0):
 PSYoungGen      total 72704K, used 72682K [0x00000007aaa80000, 0x00000007af680000, 0x0000000800000000)
  eden space 67584K, 100% used [0x00000007aaa80000,0x00000007aec80000,0x00000007aec80000)
  from space 5120K, 99% used [0x00000007af180000,0x00000007af67a910,0x00000007af680000)
  to   space 5120K, 0% used [0x00000007aec80000,0x00000007aec80000,0x00000007af180000)
 ParOldGen       total 87040K, used 6163K [0x0000000700000000, 0x0000000705500000, 0x00000007aaa80000)
  object space 87040K, 7% used [0x0000000700000000,0x0000000700604fc8,0x0000000705500000)
 PSPermGen       total 21504K, used 5917K [0x00000006fae00000, 0x00000006fc300000, 0x0000000700000000)
  object space 21504K, 27% used [0x00000006fae00000,0x00000006fb3c7688,0x00000006fc300000)

Deoptimization events (10 events):
Event: 4.824 Thread 0x0000000010f22000 Uncommon trap: reason=null_check action=make_not_entrant pc=0x0000000002780568 method=com.android.dx.dex.file.FieldIdsSection.intern(Lcom/android/dx/rop/cst/CstFieldRef;)Lcom/android/dx/dex/file/FieldIdItem; @ 26
Event: 4.830 Thread 0x0000000010f57000 Uncommon trap: reason=null_check action=make_not_entrant pc=0x000000000280ac0c method=com.android.dx.dex.file.MethodIdsSection.intern(Lcom/android/dx/rop/cst/CstBaseMethodRef;)Lcom/android/dx/dex/file/MethodIdItem; @ 26
Event: 4.836 Thread 0x0000000010f57000 Uncommon trap: reason=unreached action=reinterpret pc=0x0000000002759f78 method=com.android.dx.cf.code.BytecodeArray.parseInstruction(ILcom/android/dx/cf/code/BytecodeArray$Visitor;)I @ 1198
Event: 4.997 Thread 0x0000000010f22000 Uncommon trap: reason=class_check action=maybe_recompile pc=0x000000000278ed68 method=com.android.dx.ssa.PhiTypeResolver.run()V @ 151
Event: 5.068 Thread 0x0000000010f1e000 Uncommon trap: reason=class_check action=maybe_recompile pc=0x00000000027663d4 method=com.android.dx.ssa.SsaMethod.isRegALocal(Lcom/android/dx/rop/code/RegisterSpec;)Z @ 16
Event: 5.068 Thread 0x0000000010f1e000 Uncommon trap: reason=class_check action=maybe_recompile pc=0x00000000027663d4 method=com.android.dx.ssa.SsaMethod.isRegALocal(Lcom/android/dx/rop/code/RegisterSpec;)Z @ 16
Event: 5.068 Thread 0x0000000010f1e000 Uncommon trap: reason=class_check action=maybe_recompile pc=0x00000000027663d4 method=com.android.dx.ssa.SsaMethod.isRegALocal(Lcom/android/dx/rop/code/RegisterSpec;)Z @ 16
Event: 5.068 Thread 0x0000000010f1e000 Uncommon trap: reason=class_check action=maybe_recompile pc=0x00000000027663d4 method=com.android.dx.ssa.SsaMethod.isRegALocal(Lcom/android/dx/rop/code/RegisterSpec;)Z @ 16
Event: 5.069 Thread 0x0000000010f1e000 Uncommon trap: reason=class_check action=maybe_recompile pc=0x000000000278ed68 method=com.android.dx.ssa.PhiTypeResolver.run()V @ 151
Event: 5.074 Thread 0x0000000010f57000 Uncommon trap: reason=class_check action=maybe_recompile pc=0x000000000278ed68 method=com.android.dx.ssa.PhiTypeResolver.run()V @ 151

Internal exceptions (10 events):
Event: 1.845 Thread 0x0000000010f22000 Threw 0x00000007abb319f8 at C:\re\jdk7u79\2331\hotspot\src\share\vm\prims\jvm.cpp:1304
Event: 1.915 Thread 0x0000000010f22800 Threw 0x00000007abf9eff8 at C:\re\jdk7u79\2331\hotspot\src\share\vm\prims\jvm.cpp:1304
Event: 2.335 Thread 0x0000000002530800 Threw 0x00000007ac6881b8 at C:\re\jdk7u79\2331\hotspot\src\share\vm\prims\jvm.cpp:1304
Event: 2.955 Thread 0x0000000002530800 Implicit null exception at 0x00000000026e79bb to 0x00000000026e80b1
Event: 4.132 Thread 0x0000000002530800 Threw 0x00000007aaa838f0 at C:\re\jdk7u79\2331\hotspot\src\share\vm\prims\jvm.cpp:1304
Event: 4.183 Thread 0x0000000010f22800 Implicit null exception at 0x000000000277fddc to 0x0000000002780559
Event: 4.807 Thread 0x0000000010f22000 Threw 0x00000007accd4880 at C:\re\jdk7u79\2331\hotspot\src\share\vm\prims\jvm.cpp:1304
Event: 4.824 Thread 0x0000000010f22000 Implicit null exception at 0x000000000277fddc to 0x0000000002780559
Event: 4.878 Thread 0x0000000002530800 Threw 0x00000007ad4ca980 at C:\re\jdk7u79\2331\hotspot\src\share\vm\prims\jvm.cpp:1304
Event: 4.966 Thread 0x0000000010f1e000 Threw 0x00000007ade5c810 at C:\re\jdk7u79\2331\hotspot\src\share\vm\prims\jvm.cpp:1304

Events (10 events):
Event: 5.068 Thread 0x0000000010f1e000 Uncommon trap: trap_request=0xffffffde fr.pc=0x00000000027663d4
Event: 5.068 Thread 0x0000000010f1e000 DEOPT PACKING pc=0x00000000027663d4 sp=0x000000001127ec90
Event: 5.068 Thread 0x0000000010f1e000 DEOPT UNPACKING pc=0x00000000026675a4 sp=0x000000001127ec18 mode 2
Event: 5.069 Thread 0x0000000010f1e000 Uncommon trap: trap_request=0xffffffde fr.pc=0x000000000278ed68
Event: 5.069 Thread 0x0000000010f1e000 DEOPT PACKING pc=0x000000000278ed68 sp=0x000000001127ed80
Event: 5.069 Thread 0x0000000010f1e000 DEOPT UNPACKING pc=0x00000000026675a4 sp=0x000000001127ed28 mode 2
Event: 5.074 Thread 0x0000000010f57000 Uncommon trap: trap_request=0xffffffde fr.pc=0x000000000278ed68
Event: 5.074 Thread 0x0000000010f57000 DEOPT PACKING pc=0x000000000278ed68 sp=0x000000001167ef30
Event: 5.074 Thread 0x0000000010f57000 DEOPT UNPACKING pc=0x00000000026675a4 sp=0x000000001167eed8 mode 2
Event: 5.077 Executing VM operation: ParallelGCFailedAllocation


Dynamic libraries:
0x00007ff74ef70000 - 0x00007ff74efa3000 	C:\Program Files\Java\jdk1.7.0_79\bin\java.exe
0x00007ff9ee3f0000 - 0x00007ff9ee59d000 	C:\Windows\SYSTEM32\ntdll.dll
0x00007ff9ee050000 - 0x00007ff9ee18e000 	C:\Windows\system32\KERNEL32.DLL
0x00007ff9eb610000 - 0x00007ff9eb725000 	C:\Windows\system32\KERNELBASE.dll
0x00007ff9e9d40000 - 0x00007ff9e9dce000 	C:\Windows\system32\apphelp.dll
0x00007ff9d7cd0000 - 0x00007ff9d7d23000 	C:\Windows\AppPatch\AppPatch64\AcGenral.DLL
0x00007ff9ee250000 - 0x00007ff9ee2fa000 	C:\Windows\system32\msvcrt.dll
0x00007ff9eb5e0000 - 0x00007ff9eb60e000 	C:\Windows\system32\SspiCli.dll
0x00007ff9eda50000 - 0x00007ff9edaa4000 	C:\Windows\system32\SHLWAPI.dll
0x00007ff9ed8d0000 - 0x00007ff9eda47000 	C:\Windows\system32\USER32.dll
0x00007ff9ebed0000 - 0x00007ff9ec064000 	C:\Windows\system32\ole32.dll
0x00007ff9ec3a0000 - 0x00007ff9ed8c8000 	C:\Windows\system32\SHELL32.dll
0x00007ff9eaab0000 - 0x00007ff9eaad1000 	C:\Windows\SYSTEM32\USERENV.dll
0x00007ff9ec230000 - 0x00007ff9ec2da000 	C:\Windows\system32\ADVAPI32.dll
0x00007ff9e1860000 - 0x00007ff9e187e000 	C:\Windows\SYSTEM32\MPR.dll
0x00007ff9edc20000 - 0x00007ff9edd60000 	C:\Windows\system32\RPCRT4.dll
0x00007ff9ebc90000 - 0x00007ff9ebce9000 	C:\Windows\SYSTEM32\sechost.dll
0x00007ff9eba70000 - 0x00007ff9ebc81000 	C:\Windows\SYSTEM32\combase.dll
0x00007ff9ec070000 - 0x00007ff9ec1bf000 	C:\Windows\system32\GDI32.dll
0x00007ff9eb510000 - 0x00007ff9eb525000 	C:\Windows\SYSTEM32\profapi.dll
0x00007ff9e99d0000 - 0x00007ff9e9a82000 	C:\Windows\SYSTEM32\SHCORE.dll
0x00007ff9eddf0000 - 0x00007ff9ede26000 	C:\Windows\system32\IMM32.DLL
0x00007ff9edac0000 - 0x00007ff9edc12000 	C:\Windows\system32\MSCTF.dll
0x00007ff9ea610000 - 0x00007ff9ea88b000 	C:\Windows\WinSxS\amd64_microsoft.windows.common-controls_6595b64144ccf1df_6.0.9600.18006_none_623f33d3ecbe86e8\COMCTL32.dll
0x000000006a950000 - 0x000000006aa22000 	C:\Program Files\Java\jdk1.7.0_79\jre\bin\msvcr100.dll
0x000000006aa30000 - 0x000000006b205000 	C:\Program Files\Java\jdk1.7.0_79\jre\bin\server\jvm.dll
0x00007ff9e57a0000 - 0x00007ff9e57a9000 	C:\Windows\SYSTEM32\WSOCK32.dll
0x00007ff9e8c20000 - 0x00007ff9e8c42000 	C:\Windows\SYSTEM32\WINMM.dll
0x00007ff9edd60000 - 0x00007ff9edd67000 	C:\Windows\system32\PSAPI.DLL
0x00007ff9edff0000 - 0x00007ff9ee04a000 	C:\Windows\system32\WS2_32.dll
0x00007ff9e7a20000 - 0x00007ff9e7a4a000 	C:\Windows\SYSTEM32\WINMMBASE.dll
0x00007ff9edab0000 - 0x00007ff9edab9000 	C:\Windows\system32\NSI.dll
0x00007ff9eb9c0000 - 0x00007ff9eba0f000 	C:\Windows\SYSTEM32\cfgmgr32.dll
0x00007ff9e9fc0000 - 0x00007ff9e9fe8000 	C:\Windows\SYSTEM32\DEVOBJ.dll
0x000000006a940000 - 0x000000006a94f000 	C:\Program Files\Java\jdk1.7.0_79\jre\bin\verify.dll
0x000000006a910000 - 0x000000006a938000 	C:\Program Files\Java\jdk1.7.0_79\jre\bin\java.dll
0x000000006a8f0000 - 0x000000006a905000 	C:\Program Files\Java\jdk1.7.0_79\jre\bin\zip.dll
0x000000006a8d0000 - 0x000000006a8ea000 	C:\Program Files\Java\jdk1.7.0_79\jre\bin\net.dll
0x00007ff9ead90000 - 0x00007ff9eade9000 	C:\Windows\system32\mswsock.dll
0x000000006a8b0000 - 0x000000006a8c1000 	C:\Program Files\Java\jdk1.7.0_79\jre\bin\nio.dll
0x00007ff9e7340000 - 0x00007ff9e74c9000 	C:\Windows\SYSTEM32\dbghelp.dll

VM Arguments:
jvm_args: -Djava.awt.headless=true -Xmx4g -Dfile.encoding=windows-1252 -Duser.country=IN -Duser.language=en -Duser.variant 
java_command: com.android.dx.command.Main --dex --force-jumbo --num-threads=4 --multi-dex --output E:\Bhavin\work\oct2016\versionthree\StorefinderV3\app\build\intermediates\transforms\dex\debug\folders\1000\10\com.google.android.gms-play-services-drive-9.4.0_5322a80a82d41f439dbc56b4f7360131f6a8c5cb E:\Bhavin\work\oct2016\versionthree\StorefinderV3\app\build\intermediates\exploded-aar\com.google.android.gms\play-services-drive\9.4.0\jars\classes.jar
Launcher Type: SUN_STANDARD

Environment Variables:
PATH=C:\Windows\system32;C:\Windows;C:\Windows\System32\Wbem;C:\Windows\System32\WindowsPowerShell\v1.0\;C:\Program Files (x86)\Skype\Phone\;C:\adb
USERNAME=Redixbit
OS=Windows_NT
PROCESSOR_IDENTIFIER=Intel64 Family 6 Model 58 Stepping 9, GenuineIntel



---------------  S Y S T E M  ---------------

OS: Windows 8.1 , 64 bit Build 9600 

CPU:total 4 (2 cores per cpu, 2 threads per core) family 6 model 58 stepping 9, cmov, cx8, fxsr, mmx, sse, sse2, sse3, ssse3, sse4.1, sse4.2, popcnt, avx, erms, ht, tsc, tscinvbit, tscinv

Memory: 4k page, physical 8366504k(2410500k free), swap 16755112k(5110056k free)

vm_info: Java HotSpot(TM) 64-Bit Server VM (24.79-b02) for windows-amd64 JRE (1.7.0_79-b15), built on Apr 10 2015 12:36:16 by "java_re" with unknown MS VC++:1600

time: Thu Oct 27 17:15:50 2016
elapsed time: 5 seconds

